<?xml version="1.0" encoding="UTF-8"?>
<testExecutions version="1">
  <file path="/projects/Hermoor/src/infra/http/HttpResponse.test.ts">
    <testCase name="Check clientError Response" duration="1"/>
    <testCase name="Check unauthorized Response" duration="0"/>
    <testCase name="Check forbidden Response" duration="1"/>
    <testCase name="Check notFound Response" duration="0"/>
    <testCase name="Check conflict Response" duration="1"/>
    <testCase name="Check tooMany Response" duration="0"/>
    <testCase name="Check ok Response" duration="2"/>
    <testCase name="Check created Response" duration="0"/>
    <testCase name="Check fail Response" duration="1"/>
  </file>
  <file path="/projects/Hermoor/src/core/utils/validations/date.test.ts">
    <testCase name="check if the date is valid with new Date()" duration="1"/>
    <testCase name="check if the date is valid with moment()" duration="1"/>
    <testCase name="check if the date is valid formatted with moment().format()" duration="4"/>
    <testCase name="check if the date is valid formatted moment().format(&apos;YYYY-MM-DD&apos;)" duration="1"/>
    <testCase name="check if the date is not valid formatted with moment(&apos;2020-02-31&apos;)" duration="1"/>
    <testCase name="check if the date is not valid formatted new Date(&apos;2020-15-31&apos;)" duration="1"/>
  </file>
  <file path="/projects/Hermoor/src/core/utils/validations/email.test.ts">
    <testCase name="check if the email is valid" duration="1"/>
    <testCase name="check if the email is not valid" duration="0"/>
  </file>
</testExecutions>